<?xml version="1.0" encoding="utf-8"?>
<coverage line-rate="0.8314" branch-rate="0.5585" version="1.9" timestamp="1689454628" lines-covered="656" lines-valid="789" branches-covered="124" branches-valid="222">
  <sources>
    <source>C:\Users\yeste\src\pia-sharp\</source>
  </sources>
  <packages>
    <package name="Cmpnnt.Pia.Ctl" line-rate="0.8299" branch-rate="0.5545" complexity="235">
      <classes>
        <class name="Cmpnnt.Pia.Ctl.PiaCtl" filename="Cmpnnt.Pia.Ctl\PiaCtl.cs" line-rate="0.5" branch-rate="1" complexity="2">
          <methods>
            <method name=".ctor" signature="(Cmpnnt.Pia.Ctl.PiaCtlOptions)" line-rate="1" branch-rate="1" complexity="1">
              <lines>
                <line number="16" hits="35" branch="False" />
                <line number="17" hits="35" branch="False" />
                <line number="18" hits="35" branch="False" />
                <line number="19" hits="35" branch="False" />
              </lines>
            </method>
            <method name=".ctor" signature="()" line-rate="0" branch-rate="1" complexity="1">
              <lines>
                <line number="21" hits="0" branch="False" />
                <line number="22" hits="0" branch="False" />
                <line number="23" hits="0" branch="False" />
                <line number="24" hits="0" branch="False" />
              </lines>
            </method>
          </methods>
          <lines>
            <line number="16" hits="35" branch="False" />
            <line number="17" hits="35" branch="False" />
            <line number="18" hits="35" branch="False" />
            <line number="19" hits="35" branch="False" />
            <line number="21" hits="0" branch="False" />
            <line number="22" hits="0" branch="False" />
            <line number="23" hits="0" branch="False" />
            <line number="24" hits="0" branch="False" />
          </lines>
        </class>
        <class name="Cmpnnt.Pia.Ctl.PiaCtl/&lt;AddDedicatedIp&gt;d__8" filename="Cmpnnt.Pia.Ctl\PiaCtl.cs" line-rate="1" branch-rate="0.5" complexity="2">
          <methods>
            <method name="MoveNext" signature="()" line-rate="1" branch-rate="0.5" complexity="2">
              <lines>
                <line number="121" hits="1" branch="False" />
                <line number="122" hits="1" branch="True" condition-coverage="50% (1/2)">
                  <conditions>
                    <condition number="24" type="jump" coverage="50%" />
                  </conditions>
                </line>
                <line number="123" hits="1" branch="False" />
                <line number="124" hits="1" branch="False" />
                <line number="125" hits="1" branch="False" />
                <line number="126" hits="1" branch="False" />
                <line number="127" hits="1" branch="False" />
                <line number="128" hits="1" branch="False" />
                <line number="129" hits="1" branch="False" />
                <line number="130" hits="1" branch="False" />
                <line number="131" hits="1" branch="False" />
              </lines>
            </method>
          </methods>
          <lines>
            <line number="121" hits="1" branch="False" />
            <line number="122" hits="1" branch="True" condition-coverage="50% (1/2)">
              <conditions>
                <condition number="24" type="jump" coverage="50%" />
              </conditions>
            </line>
            <line number="123" hits="1" branch="False" />
            <line number="124" hits="1" branch="False" />
            <line number="125" hits="1" branch="False" />
            <line number="126" hits="1" branch="False" />
            <line number="127" hits="1" branch="False" />
            <line number="128" hits="1" branch="False" />
            <line number="129" hits="1" branch="False" />
            <line number="130" hits="1" branch="False" />
            <line number="131" hits="1" branch="False" />
          </lines>
        </class>
        <class name="Cmpnnt.Pia.Ctl.PiaCtl/&lt;BackgroundDisable&gt;d__11" filename="Cmpnnt.Pia.Ctl\PiaCtl.cs" line-rate="1" branch-rate="0.5" complexity="2">
          <methods>
            <method name="MoveNext" signature="()" line-rate="1" branch-rate="0.5" complexity="2">
              <lines>
                <line number="181" hits="1" branch="False" />
                <line number="182" hits="1" branch="True" condition-coverage="50% (1/2)">
                  <conditions>
                    <condition number="21" type="jump" coverage="50%" />
                  </conditions>
                </line>
                <line number="183" hits="1" branch="False" />
                <line number="184" hits="1" branch="False" />
                <line number="185" hits="1" branch="False" />
                <line number="186" hits="1" branch="False" />
                <line number="187" hits="1" branch="False" />
                <line number="188" hits="1" branch="False" />
                <line number="189" hits="1" branch="False" />
                <line number="190" hits="1" branch="False" />
              </lines>
            </method>
          </methods>
          <lines>
            <line number="181" hits="1" branch="False" />
            <line number="182" hits="1" branch="True" condition-coverage="50% (1/2)">
              <conditions>
                <condition number="21" type="jump" coverage="50%" />
              </conditions>
            </line>
            <line number="183" hits="1" branch="False" />
            <line number="184" hits="1" branch="False" />
            <line number="185" hits="1" branch="False" />
            <line number="186" hits="1" branch="False" />
            <line number="187" hits="1" branch="False" />
            <line number="188" hits="1" branch="False" />
            <line number="189" hits="1" branch="False" />
            <line number="190" hits="1" branch="False" />
          </lines>
        </class>
        <class name="Cmpnnt.Pia.Ctl.PiaCtl/&lt;BackgroundEnable&gt;d__10" filename="Cmpnnt.Pia.Ctl\PiaCtl.cs" line-rate="1" branch-rate="0.5" complexity="2">
          <methods>
            <method name="MoveNext" signature="()" line-rate="1" branch-rate="0.5" complexity="2">
              <lines>
                <line number="164" hits="1" branch="False" />
                <line number="165" hits="1" branch="True" condition-coverage="50% (1/2)">
                  <conditions>
                    <condition number="21" type="jump" coverage="50%" />
                  </conditions>
                </line>
                <line number="166" hits="1" branch="False" />
                <line number="167" hits="1" branch="False" />
                <line number="168" hits="1" branch="False" />
                <line number="169" hits="1" branch="False" />
                <line number="170" hits="1" branch="False" />
                <line number="171" hits="1" branch="False" />
                <line number="172" hits="1" branch="False" />
                <line number="173" hits="1" branch="False" />
              </lines>
            </method>
          </methods>
          <lines>
            <line number="164" hits="1" branch="False" />
            <line number="165" hits="1" branch="True" condition-coverage="50% (1/2)">
              <conditions>
                <condition number="21" type="jump" coverage="50%" />
              </conditions>
            </line>
            <line number="166" hits="1" branch="False" />
            <line number="167" hits="1" branch="False" />
            <line number="168" hits="1" branch="False" />
            <line number="169" hits="1" branch="False" />
            <line number="170" hits="1" branch="False" />
            <line number="171" hits="1" branch="False" />
            <line number="172" hits="1" branch="False" />
            <line number="173" hits="1" branch="False" />
          </lines>
        </class>
        <class name="Cmpnnt.Pia.Ctl.PiaCtl/&lt;Connect&gt;d__3" filename="Cmpnnt.Pia.Ctl\PiaCtl.cs" line-rate="1" branch-rate="1" complexity="2">
          <methods>
            <method name="MoveNext" signature="()" line-rate="1" branch-rate="1" complexity="2">
              <lines>
                <line number="36" hits="1" branch="False" />
                <line number="37" hits="1" branch="True" condition-coverage="100% (2/2)">
                  <conditions>
                    <condition number="21" type="jump" coverage="100%" />
                  </conditions>
                </line>
                <line number="38" hits="1" branch="False" />
                <line number="39" hits="1" branch="False" />
                <line number="40" hits="1" branch="False" />
                <line number="41" hits="1" branch="False" />
                <line number="42" hits="1" branch="False" />
                <line number="43" hits="1" branch="False" />
                <line number="44" hits="1" branch="False" />
              </lines>
            </method>
          </methods>
          <lines>
            <line number="36" hits="1" branch="False" />
            <line number="37" hits="1" branch="True" condition-coverage="100% (2/2)">
              <conditions>
                <condition number="21" type="jump" coverage="100%" />
              </conditions>
            </line>
            <line number="38" hits="1" branch="False" />
            <line number="39" hits="1" branch="False" />
            <line number="40" hits="1" branch="False" />
            <line number="41" hits="1" branch="False" />
            <line number="42" hits="1" branch="False" />
            <line number="43" hits="1" branch="False" />
            <line number="44" hits="1" branch="False" />
          </lines>
        </class>
        <class name="Cmpnnt.Pia.Ctl.PiaCtl/&lt;Disconnect&gt;d__5" filename="Cmpnnt.Pia.Ctl\PiaCtl.cs" line-rate="1" branch-rate="0.5" complexity="2">
          <methods>
            <method name="MoveNext" signature="()" line-rate="1" branch-rate="0.5" complexity="2">
              <lines>
                <line number="70" hits="1" branch="False" />
                <line number="71" hits="1" branch="True" condition-coverage="50% (1/2)">
                  <conditions>
                    <condition number="21" type="jump" coverage="50%" />
                  </conditions>
                </line>
                <line number="72" hits="1" branch="False" />
                <line number="73" hits="1" branch="False" />
                <line number="74" hits="1" branch="False" />
                <line number="75" hits="1" branch="False" />
                <line number="76" hits="1" branch="False" />
                <line number="77" hits="1" branch="False" />
                <line number="78" hits="1" branch="False" />
              </lines>
            </method>
          </methods>
          <lines>
            <line number="70" hits="1" branch="False" />
            <line number="71" hits="1" branch="True" condition-coverage="50% (1/2)">
              <conditions>
                <condition number="21" type="jump" coverage="50%" />
              </conditions>
            </line>
            <line number="72" hits="1" branch="False" />
            <line number="73" hits="1" branch="False" />
            <line number="74" hits="1" branch="False" />
            <line number="75" hits="1" branch="False" />
            <line number="76" hits="1" branch="False" />
            <line number="77" hits="1" branch="False" />
            <line number="78" hits="1" branch="False" />
          </lines>
        </class>
        <class name="Cmpnnt.Pia.Ctl.PiaCtl/&lt;GetAllowLan&gt;d__17" filename="Cmpnnt.Pia.Ctl\PiaCtl.cs" line-rate="1" branch-rate="0.5" complexity="2">
          <methods>
            <method name="MoveNext" signature="()" line-rate="1" branch-rate="0.5" complexity="2">
              <lines>
                <line number="292" hits="1" branch="False" />
                <line number="293" hits="1" branch="True" condition-coverage="50% (1/2)">
                  <conditions>
                    <condition number="21" type="jump" coverage="50%" />
                  </conditions>
                </line>
                <line number="294" hits="1" branch="False" />
                <line number="295" hits="1" branch="False" />
                <line number="296" hits="1" branch="False" />
                <line number="297" hits="1" branch="False" />
                <line number="298" hits="1" branch="False" />
                <line number="299" hits="1" branch="False" />
                <line number="300" hits="1" branch="False" />
              </lines>
            </method>
          </methods>
          <lines>
            <line number="292" hits="1" branch="False" />
            <line number="293" hits="1" branch="True" condition-coverage="50% (1/2)">
              <conditions>
                <condition number="21" type="jump" coverage="50%" />
              </conditions>
            </line>
            <line number="294" hits="1" branch="False" />
            <line number="295" hits="1" branch="False" />
            <line number="296" hits="1" branch="False" />
            <line number="297" hits="1" branch="False" />
            <line number="298" hits="1" branch="False" />
            <line number="299" hits="1" branch="False" />
            <line number="300" hits="1" branch="False" />
          </lines>
        </class>
        <class name="Cmpnnt.Pia.Ctl.PiaCtl/&lt;GetConnectionState&gt;d__18" filename="Cmpnnt.Pia.Ctl\PiaCtl.cs" line-rate="1" branch-rate="0.5" complexity="2">
          <methods>
            <method name="MoveNext" signature="()" line-rate="1" branch-rate="0.5" complexity="2">
              <lines>
                <line number="308" hits="1" branch="False" />
                <line number="309" hits="1" branch="True" condition-coverage="50% (1/2)">
                  <conditions>
                    <condition number="21" type="jump" coverage="50%" />
                  </conditions>
                </line>
                <line number="310" hits="1" branch="False" />
                <line number="311" hits="1" branch="False" />
                <line number="312" hits="1" branch="False" />
                <line number="313" hits="1" branch="False" />
                <line number="314" hits="1" branch="False" />
                <line number="315" hits="1" branch="False" />
                <line number="316" hits="1" branch="False" />
              </lines>
            </method>
          </methods>
          <lines>
            <line number="308" hits="1" branch="False" />
            <line number="309" hits="1" branch="True" condition-coverage="50% (1/2)">
              <conditions>
                <condition number="21" type="jump" coverage="50%" />
              </conditions>
            </line>
            <line number="310" hits="1" branch="False" />
            <line number="311" hits="1" branch="False" />
            <line number="312" hits="1" branch="False" />
            <line number="313" hits="1" branch="False" />
            <line number="314" hits="1" branch="False" />
            <line number="315" hits="1" branch="False" />
            <line number="316" hits="1" branch="False" />
          </lines>
        </class>
        <class name="Cmpnnt.Pia.Ctl.PiaCtl/&lt;GetDebugLogging&gt;d__19" filename="Cmpnnt.Pia.Ctl\PiaCtl.cs" line-rate="1" branch-rate="0.5" complexity="2">
          <methods>
            <method name="MoveNext" signature="()" line-rate="1" branch-rate="0.5" complexity="2">
              <lines>
                <line number="324" hits="1" branch="False" />
                <line number="325" hits="1" branch="True" condition-coverage="50% (1/2)">
                  <conditions>
                    <condition number="21" type="jump" coverage="50%" />
                  </conditions>
                </line>
                <line number="326" hits="1" branch="False" />
                <line number="327" hits="1" branch="False" />
                <line number="328" hits="1" branch="False" />
                <line number="329" hits="1" branch="False" />
                <line number="330" hits="1" branch="False" />
                <line number="331" hits="1" branch="False" />
                <line number="332" hits="1" branch="False" />
              </lines>
            </method>
          </methods>
          <lines>
            <line number="324" hits="1" branch="False" />
            <line number="325" hits="1" branch="True" condition-coverage="50% (1/2)">
              <conditions>
                <condition number="21" type="jump" coverage="50%" />
              </conditions>
            </line>
            <line number="326" hits="1" branch="False" />
            <line number="327" hits="1" branch="False" />
            <line number="328" hits="1" branch="False" />
            <line number="329" hits="1" branch="False" />
            <line number="330" hits="1" branch="False" />
            <line number="331" hits="1" branch="False" />
            <line number="332" hits="1" branch="False" />
          </lines>
        </class>
        <class name="Cmpnnt.Pia.Ctl.PiaCtl/&lt;GetPortForward&gt;d__20" filename="Cmpnnt.Pia.Ctl\PiaCtl.cs" line-rate="1" branch-rate="0.5" complexity="2">
          <methods>
            <method name="MoveNext" signature="()" line-rate="1" branch-rate="0.5" complexity="2">
              <lines>
                <line number="340" hits="1" branch="False" />
                <line number="341" hits="1" branch="True" condition-coverage="50% (1/2)">
                  <conditions>
                    <condition number="21" type="jump" coverage="50%" />
                  </conditions>
                </line>
                <line number="342" hits="1" branch="False" />
                <line number="343" hits="1" branch="False" />
                <line number="344" hits="1" branch="False" />
                <line number="345" hits="1" branch="False" />
                <line number="346" hits="1" branch="False" />
                <line number="347" hits="1" branch="False" />
                <line number="348" hits="1" branch="False" />
              </lines>
            </method>
          </methods>
          <lines>
            <line number="340" hits="1" branch="False" />
            <line number="341" hits="1" branch="True" condition-coverage="50% (1/2)">
              <conditions>
                <condition number="21" type="jump" coverage="50%" />
              </conditions>
            </line>
            <line number="342" hits="1" branch="False" />
            <line number="343" hits="1" branch="False" />
            <line number="344" hits="1" branch="False" />
            <line number="345" hits="1" branch="False" />
            <line number="346" hits="1" branch="False" />
            <line number="347" hits="1" branch="False" />
            <line number="348" hits="1" branch="False" />
          </lines>
        </class>
        <class name="Cmpnnt.Pia.Ctl.PiaCtl/&lt;GetProtocol&gt;d__21" filename="Cmpnnt.Pia.Ctl\PiaCtl.cs" line-rate="1" branch-rate="0.5" complexity="2">
          <methods>
            <method name="MoveNext" signature="()" line-rate="1" branch-rate="0.5" complexity="2">
              <lines>
                <line number="356" hits="1" branch="False" />
                <line number="357" hits="1" branch="True" condition-coverage="50% (1/2)">
                  <conditions>
                    <condition number="21" type="jump" coverage="50%" />
                  </conditions>
                </line>
                <line number="358" hits="1" branch="False" />
                <line number="359" hits="1" branch="False" />
                <line number="360" hits="1" branch="False" />
                <line number="361" hits="1" branch="False" />
                <line number="362" hits="1" branch="False" />
                <line number="363" hits="1" branch="False" />
                <line number="364" hits="1" branch="False" />
              </lines>
            </method>
          </methods>
          <lines>
            <line number="356" hits="1" branch="False" />
            <line number="357" hits="1" branch="True" condition-coverage="50% (1/2)">
              <conditions>
                <condition number="21" type="jump" coverage="50%" />
              </conditions>
            </line>
            <line number="358" hits="1" branch="False" />
            <line number="359" hits="1" branch="False" />
            <line number="360" hits="1" branch="False" />
            <line number="361" hits="1" branch="False" />
            <line number="362" hits="1" branch="False" />
            <line number="363" hits="1" branch="False" />
            <line number="364" hits="1" branch="False" />
          </lines>
        </class>
        <class name="Cmpnnt.Pia.Ctl.PiaCtl/&lt;GetPubIp&gt;d__22" filename="Cmpnnt.Pia.Ctl\PiaCtl.cs" line-rate="1" branch-rate="0.5" complexity="2">
          <methods>
            <method name="MoveNext" signature="()" line-rate="1" branch-rate="0.5" complexity="2">
              <lines>
                <line number="372" hits="1" branch="False" />
                <line number="373" hits="1" branch="True" condition-coverage="50% (1/2)">
                  <conditions>
                    <condition number="21" type="jump" coverage="50%" />
                  </conditions>
                </line>
                <line number="374" hits="1" branch="False" />
                <line number="375" hits="1" branch="False" />
                <line number="376" hits="1" branch="False" />
                <line number="377" hits="1" branch="False" />
                <line number="378" hits="1" branch="False" />
                <line number="379" hits="1" branch="False" />
                <line number="380" hits="1" branch="False" />
              </lines>
            </method>
          </methods>
          <lines>
            <line number="372" hits="1" branch="False" />
            <line number="373" hits="1" branch="True" condition-coverage="50% (1/2)">
              <conditions>
                <condition number="21" type="jump" coverage="50%" />
              </conditions>
            </line>
            <line number="374" hits="1" branch="False" />
            <line number="375" hits="1" branch="False" />
            <line number="376" hits="1" branch="False" />
            <line number="377" hits="1" branch="False" />
            <line number="378" hits="1" branch="False" />
            <line number="379" hits="1" branch="False" />
            <line number="380" hits="1" branch="False" />
          </lines>
        </class>
        <class name="Cmpnnt.Pia.Ctl.PiaCtl/&lt;GetRegion&gt;d__23" filename="Cmpnnt.Pia.Ctl\PiaCtl.cs" line-rate="1" branch-rate="0.5" complexity="2">
          <methods>
            <method name="MoveNext" signature="()" line-rate="1" branch-rate="0.5" complexity="2">
              <lines>
                <line number="388" hits="1" branch="False" />
                <line number="389" hits="1" branch="True" condition-coverage="50% (1/2)">
                  <conditions>
                    <condition number="21" type="jump" coverage="50%" />
                  </conditions>
                </line>
                <line number="390" hits="1" branch="False" />
                <line number="391" hits="1" branch="False" />
                <line number="392" hits="1" branch="False" />
                <line number="393" hits="1" branch="False" />
                <line number="394" hits="1" branch="False" />
                <line number="395" hits="1" branch="False" />
                <line number="396" hits="1" branch="False" />
              </lines>
            </method>
          </methods>
          <lines>
            <line number="388" hits="1" branch="False" />
            <line number="389" hits="1" branch="True" condition-coverage="50% (1/2)">
              <conditions>
                <condition number="21" type="jump" coverage="50%" />
              </conditions>
            </line>
            <line number="390" hits="1" branch="False" />
            <line number="391" hits="1" branch="False" />
            <line number="392" hits="1" branch="False" />
            <line number="393" hits="1" branch="False" />
            <line number="394" hits="1" branch="False" />
            <line number="395" hits="1" branch="False" />
            <line number="396" hits="1" branch="False" />
          </lines>
        </class>
        <class name="Cmpnnt.Pia.Ctl.PiaCtl/&lt;GetRegions&gt;d__24" filename="Cmpnnt.Pia.Ctl\PiaCtl.cs" line-rate="1" branch-rate="0.5" complexity="2">
          <methods>
            <method name="MoveNext" signature="()" line-rate="1" branch-rate="0.5" complexity="2">
              <lines>
                <line number="404" hits="1" branch="False" />
                <line number="405" hits="1" branch="True" condition-coverage="50% (1/2)">
                  <conditions>
                    <condition number="21" type="jump" coverage="50%" />
                  </conditions>
                </line>
                <line number="406" hits="1" branch="False" />
                <line number="407" hits="1" branch="False" />
                <line number="408" hits="1" branch="False" />
                <line number="409" hits="1" branch="False" />
                <line number="410" hits="1" branch="False" />
                <line number="411" hits="1" branch="False" />
                <line number="412" hits="1" branch="False" />
              </lines>
            </method>
          </methods>
          <lines>
            <line number="404" hits="1" branch="False" />
            <line number="405" hits="1" branch="True" condition-coverage="50% (1/2)">
              <conditions>
                <condition number="21" type="jump" coverage="50%" />
              </conditions>
            </line>
            <line number="406" hits="1" branch="False" />
            <line number="407" hits="1" branch="False" />
            <line number="408" hits="1" branch="False" />
            <line number="409" hits="1" branch="False" />
            <line number="410" hits="1" branch="False" />
            <line number="411" hits="1" branch="False" />
            <line number="412" hits="1" branch="False" />
          </lines>
        </class>
        <class name="Cmpnnt.Pia.Ctl.PiaCtl/&lt;GetRequestPortForward&gt;d__25" filename="Cmpnnt.Pia.Ctl\PiaCtl.cs" line-rate="1" branch-rate="0.5" complexity="2">
          <methods>
            <method name="MoveNext" signature="()" line-rate="1" branch-rate="0.5" complexity="2">
              <lines>
                <line number="420" hits="1" branch="False" />
                <line number="421" hits="1" branch="True" condition-coverage="50% (1/2)">
                  <conditions>
                    <condition number="21" type="jump" coverage="50%" />
                  </conditions>
                </line>
                <line number="422" hits="1" branch="False" />
                <line number="423" hits="1" branch="False" />
                <line number="424" hits="1" branch="False" />
                <line number="425" hits="1" branch="False" />
                <line number="426" hits="1" branch="False" />
                <line number="427" hits="1" branch="False" />
                <line number="428" hits="1" branch="False" />
              </lines>
            </method>
          </methods>
          <lines>
            <line number="420" hits="1" branch="False" />
            <line number="421" hits="1" branch="True" condition-coverage="50% (1/2)">
              <conditions>
                <condition number="21" type="jump" coverage="50%" />
              </conditions>
            </line>
            <line number="422" hits="1" branch="False" />
            <line number="423" hits="1" branch="False" />
            <line number="424" hits="1" branch="False" />
            <line number="425" hits="1" branch="False" />
            <line number="426" hits="1" branch="False" />
            <line number="427" hits="1" branch="False" />
            <line number="428" hits="1" branch="False" />
          </lines>
        </class>
        <class name="Cmpnnt.Pia.Ctl.PiaCtl/&lt;GetVpnIp&gt;d__26" filename="Cmpnnt.Pia.Ctl\PiaCtl.cs" line-rate="1" branch-rate="0.5" complexity="2">
          <methods>
            <method name="MoveNext" signature="()" line-rate="1" branch-rate="0.5" complexity="2">
              <lines>
                <line number="436" hits="1" branch="False" />
                <line number="437" hits="1" branch="True" condition-coverage="50% (1/2)">
                  <conditions>
                    <condition number="21" type="jump" coverage="50%" />
                  </conditions>
                </line>
                <line number="438" hits="1" branch="False" />
                <line number="439" hits="1" branch="False" />
                <line number="440" hits="1" branch="False" />
                <line number="441" hits="1" branch="False" />
                <line number="442" hits="1" branch="False" />
                <line number="443" hits="1" branch="False" />
                <line number="444" hits="1" branch="False" />
              </lines>
            </method>
          </methods>
          <lines>
            <line number="436" hits="1" branch="False" />
            <line number="437" hits="1" branch="True" condition-coverage="50% (1/2)">
              <conditions>
                <condition number="21" type="jump" coverage="50%" />
              </conditions>
            </line>
            <line number="438" hits="1" branch="False" />
            <line number="439" hits="1" branch="False" />
            <line number="440" hits="1" branch="False" />
            <line number="441" hits="1" branch="False" />
            <line number="442" hits="1" branch="False" />
            <line number="443" hits="1" branch="False" />
            <line number="444" hits="1" branch="False" />
          </lines>
        </class>
        <class name="Cmpnnt.Pia.Ctl.PiaCtl/&lt;Login&gt;d__4" filename="Cmpnnt.Pia.Ctl\PiaCtl.cs" line-rate="1" branch-rate="0.5" complexity="2">
          <methods>
            <method name="MoveNext" signature="()" line-rate="1" branch-rate="0.5" complexity="2">
              <lines>
                <line number="53" hits="1" branch="False" />
                <line number="54" hits="1" branch="True" condition-coverage="50% (1/2)">
                  <conditions>
                    <condition number="21" type="jump" coverage="50%" />
                  </conditions>
                </line>
                <line number="55" hits="1" branch="False" />
                <line number="56" hits="1" branch="False" />
                <line number="57" hits="1" branch="False" />
                <line number="58" hits="1" branch="False" />
                <line number="59" hits="1" branch="False" />
                <line number="60" hits="1" branch="False" />
                <line number="61" hits="1" branch="False" />
                <line number="62" hits="1" branch="False" />
              </lines>
            </method>
          </methods>
          <lines>
            <line number="53" hits="1" branch="False" />
            <line number="54" hits="1" branch="True" condition-coverage="50% (1/2)">
              <conditions>
                <condition number="21" type="jump" coverage="50%" />
              </conditions>
            </line>
            <line number="55" hits="1" branch="False" />
            <line number="56" hits="1" branch="False" />
            <line number="57" hits="1" branch="False" />
            <line number="58" hits="1" branch="False" />
            <line number="59" hits="1" branch="False" />
            <line number="60" hits="1" branch="False" />
            <line number="61" hits="1" branch="False" />
            <line number="62" hits="1" branch="False" />
          </lines>
        </class>
        <class name="Cmpnnt.Pia.Ctl.PiaCtl/&lt;Logout&gt;d__6" filename="Cmpnnt.Pia.Ctl\PiaCtl.cs" line-rate="1" branch-rate="0.5" complexity="2">
          <methods>
            <method name="MoveNext" signature="()" line-rate="1" branch-rate="0.5" complexity="2">
              <lines>
                <line number="86" hits="1" branch="False" />
                <line number="87" hits="1" branch="True" condition-coverage="50% (1/2)">
                  <conditions>
                    <condition number="21" type="jump" coverage="50%" />
                  </conditions>
                </line>
                <line number="88" hits="1" branch="False" />
                <line number="89" hits="1" branch="False" />
                <line number="90" hits="1" branch="False" />
                <line number="91" hits="1" branch="False" />
                <line number="92" hits="1" branch="False" />
                <line number="93" hits="1" branch="False" />
                <line number="94" hits="1" branch="False" />
              </lines>
            </method>
          </methods>
          <lines>
            <line number="86" hits="1" branch="False" />
            <line number="87" hits="1" branch="True" condition-coverage="50% (1/2)">
              <conditions>
                <condition number="21" type="jump" coverage="50%" />
              </conditions>
            </line>
            <line number="88" hits="1" branch="False" />
            <line number="89" hits="1" branch="False" />
            <line number="90" hits="1" branch="False" />
            <line number="91" hits="1" branch="False" />
            <line number="92" hits="1" branch="False" />
            <line number="93" hits="1" branch="False" />
            <line number="94" hits="1" branch="False" />
          </lines>
        </class>
        <class name="Cmpnnt.Pia.Ctl.PiaCtl/&lt;MonitorAllowLan&gt;d__27" filename="Cmpnnt.Pia.Ctl\PiaCtl.cs" line-rate="1" branch-rate="1" complexity="2">
          <methods>
            <method name="MoveNext" signature="()" line-rate="1" branch-rate="1" complexity="2">
              <lines>
                <line number="455" hits="1" branch="False" />
                <line number="456" hits="1" branch="True" condition-coverage="100% (2/2)">
                  <conditions>
                    <condition number="21" type="jump" coverage="100%" />
                  </conditions>
                </line>
                <line number="457" hits="1" branch="False" />
                <line number="458" hits="1" branch="False" />
                <line number="459" hits="1" branch="False" />
                <line number="460" hits="1" branch="False" />
                <line number="461" hits="1" branch="False" />
                <line number="462" hits="1" branch="False" />
                <line number="463" hits="1" branch="False" />
                <line number="464" hits="1" branch="False" />
              </lines>
            </method>
          </methods>
          <lines>
            <line number="455" hits="1" branch="False" />
            <line number="456" hits="1" branch="True" condition-coverage="100% (2/2)">
              <conditions>
                <condition number="21" type="jump" coverage="100%" />
              </conditions>
            </line>
            <line number="457" hits="1" branch="False" />
            <line number="458" hits="1" branch="False" />
            <line number="459" hits="1" branch="False" />
            <line number="460" hits="1" branch="False" />
            <line number="461" hits="1" branch="False" />
            <line number="462" hits="1" branch="False" />
            <line number="463" hits="1" branch="False" />
            <line number="464" hits="1" branch="False" />
          </lines>
        </class>
        <class name="Cmpnnt.Pia.Ctl.PiaCtl/&lt;MonitorConnectionState&gt;d__28" filename="Cmpnnt.Pia.Ctl\PiaCtl.cs" line-rate="1" branch-rate="0.5" complexity="2">
          <methods>
            <method name="MoveNext" signature="()" line-rate="1" branch-rate="0.5" complexity="2">
              <lines>
                <line number="473" hits="1" branch="False" />
                <line number="474" hits="1" branch="True" condition-coverage="50% (1/2)">
                  <conditions>
                    <condition number="21" type="jump" coverage="50%" />
                  </conditions>
                </line>
                <line number="475" hits="1" branch="False" />
                <line number="476" hits="1" branch="False" />
                <line number="477" hits="1" branch="False" />
                <line number="478" hits="1" branch="False" />
                <line number="479" hits="1" branch="False" />
                <line number="480" hits="1" branch="False" />
                <line number="481" hits="1" branch="False" />
                <line number="482" hits="1" branch="False" />
              </lines>
            </method>
          </methods>
          <lines>
            <line number="473" hits="1" branch="False" />
            <line number="474" hits="1" branch="True" condition-coverage="50% (1/2)">
              <conditions>
                <condition number="21" type="jump" coverage="50%" />
              </conditions>
            </line>
            <line number="475" hits="1" branch="False" />
            <line number="476" hits="1" branch="False" />
            <line number="477" hits="1" branch="False" />
            <line number="478" hits="1" branch="False" />
            <line number="479" hits="1" branch="False" />
            <line number="480" hits="1" branch="False" />
            <line number="481" hits="1" branch="False" />
            <line number="482" hits="1" branch="False" />
          </lines>
        </class>
        <class name="Cmpnnt.Pia.Ctl.PiaCtl/&lt;MonitorDebugLogging&gt;d__29" filename="Cmpnnt.Pia.Ctl\PiaCtl.cs" line-rate="1" branch-rate="0.5" complexity="2">
          <methods>
            <method name="MoveNext" signature="()" line-rate="1" branch-rate="0.5" complexity="2">
              <lines>
                <line number="491" hits="1" branch="False" />
                <line number="492" hits="1" branch="True" condition-coverage="50% (1/2)">
                  <conditions>
                    <condition number="21" type="jump" coverage="50%" />
                  </conditions>
                </line>
                <line number="493" hits="1" branch="False" />
                <line number="494" hits="1" branch="False" />
                <line number="495" hits="1" branch="False" />
                <line number="496" hits="1" branch="False" />
                <line number="497" hits="1" branch="False" />
                <line number="498" hits="1" branch="False" />
                <line number="499" hits="1" branch="False" />
                <line number="500" hits="1" branch="False" />
              </lines>
            </method>
          </methods>
          <lines>
            <line number="491" hits="1" branch="False" />
            <line number="492" hits="1" branch="True" condition-coverage="50% (1/2)">
              <conditions>
                <condition number="21" type="jump" coverage="50%" />
              </conditions>
            </line>
            <line number="493" hits="1" branch="False" />
            <line number="494" hits="1" branch="False" />
            <line number="495" hits="1" branch="False" />
            <line number="496" hits="1" branch="False" />
            <line number="497" hits="1" branch="False" />
            <line number="498" hits="1" branch="False" />
            <line number="499" hits="1" branch="False" />
            <line number="500" hits="1" branch="False" />
          </lines>
        </class>
        <class name="Cmpnnt.Pia.Ctl.PiaCtl/&lt;MonitorPortForward&gt;d__30" filename="Cmpnnt.Pia.Ctl\PiaCtl.cs" line-rate="1" branch-rate="0.5" complexity="2">
          <methods>
            <method name="MoveNext" signature="()" line-rate="1" branch-rate="0.5" complexity="2">
              <lines>
                <line number="509" hits="1" branch="False" />
                <line number="510" hits="1" branch="True" condition-coverage="50% (1/2)">
                  <conditions>
                    <condition number="21" type="jump" coverage="50%" />
                  </conditions>
                </line>
                <line number="511" hits="1" branch="False" />
                <line number="512" hits="1" branch="False" />
                <line number="513" hits="1" branch="False" />
                <line number="514" hits="1" branch="False" />
                <line number="515" hits="1" branch="False" />
                <line number="516" hits="1" branch="False" />
                <line number="517" hits="1" branch="False" />
                <line number="518" hits="1" branch="False" />
              </lines>
            </method>
          </methods>
          <lines>
            <line number="509" hits="1" branch="False" />
            <line number="510" hits="1" branch="True" condition-coverage="50% (1/2)">
              <conditions>
                <condition number="21" type="jump" coverage="50%" />
              </conditions>
            </line>
            <line number="511" hits="1" branch="False" />
            <line number="512" hits="1" branch="False" />
            <line number="513" hits="1" branch="False" />
            <line number="514" hits="1" branch="False" />
            <line number="515" hits="1" branch="False" />
            <line number="516" hits="1" branch="False" />
            <line number="517" hits="1" branch="False" />
            <line number="518" hits="1" branch="False" />
          </lines>
        </class>
        <class name="Cmpnnt.Pia.Ctl.PiaCtl/&lt;MonitorProtocol&gt;d__31" filename="Cmpnnt.Pia.Ctl\PiaCtl.cs" line-rate="1" branch-rate="0.5" complexity="2">
          <methods>
            <method name="MoveNext" signature="()" line-rate="1" branch-rate="0.5" complexity="2">
              <lines>
                <line number="527" hits="1" branch="False" />
                <line number="528" hits="1" branch="True" condition-coverage="50% (1/2)">
                  <conditions>
                    <condition number="21" type="jump" coverage="50%" />
                  </conditions>
                </line>
                <line number="529" hits="1" branch="False" />
                <line number="530" hits="1" branch="False" />
                <line number="531" hits="1" branch="False" />
                <line number="532" hits="1" branch="False" />
                <line number="533" hits="1" branch="False" />
                <line number="534" hits="1" branch="False" />
                <line number="535" hits="1" branch="False" />
                <line number="536" hits="1" branch="False" />
              </lines>
            </method>
          </methods>
          <lines>
            <line number="527" hits="1" branch="False" />
            <line number="528" hits="1" branch="True" condition-coverage="50% (1/2)">
              <conditions>
                <condition number="21" type="jump" coverage="50%" />
              </conditions>
            </line>
            <line number="529" hits="1" branch="False" />
            <line number="530" hits="1" branch="False" />
            <line number="531" hits="1" branch="False" />
            <line number="532" hits="1" branch="False" />
            <line number="533" hits="1" branch="False" />
            <line number="534" hits="1" branch="False" />
            <line number="535" hits="1" branch="False" />
            <line number="536" hits="1" branch="False" />
          </lines>
        </class>
        <class name="Cmpnnt.Pia.Ctl.PiaCtl/&lt;MonitorPubIp&gt;d__32" filename="Cmpnnt.Pia.Ctl\PiaCtl.cs" line-rate="1" branch-rate="0.5" complexity="2">
          <methods>
            <method name="MoveNext" signature="()" line-rate="1" branch-rate="0.5" complexity="2">
              <lines>
                <line number="545" hits="2" branch="False" />
                <line number="546" hits="2" branch="True" condition-coverage="50% (1/2)">
                  <conditions>
                    <condition number="21" type="jump" coverage="50%" />
                  </conditions>
                </line>
                <line number="547" hits="2" branch="False" />
                <line number="548" hits="2" branch="False" />
                <line number="549" hits="2" branch="False" />
                <line number="550" hits="2" branch="False" />
                <line number="551" hits="2" branch="False" />
                <line number="552" hits="2" branch="False" />
                <line number="553" hits="2" branch="False" />
                <line number="554" hits="2" branch="False" />
              </lines>
            </method>
          </methods>
          <lines>
            <line number="545" hits="2" branch="False" />
            <line number="546" hits="2" branch="True" condition-coverage="50% (1/2)">
              <conditions>
                <condition number="21" type="jump" coverage="50%" />
              </conditions>
            </line>
            <line number="547" hits="2" branch="False" />
            <line number="548" hits="2" branch="False" />
            <line number="549" hits="2" branch="False" />
            <line number="550" hits="2" branch="False" />
            <line number="551" hits="2" branch="False" />
            <line number="552" hits="2" branch="False" />
            <line number="553" hits="2" branch="False" />
            <line number="554" hits="2" branch="False" />
          </lines>
        </class>
        <class name="Cmpnnt.Pia.Ctl.PiaCtl/&lt;MonitorRegion&gt;d__33" filename="Cmpnnt.Pia.Ctl\PiaCtl.cs" line-rate="0" branch-rate="0" complexity="2">
          <methods>
            <method name="MoveNext" signature="()" line-rate="0" branch-rate="0" complexity="2">
              <lines>
                <line number="563" hits="0" branch="False" />
                <line number="564" hits="0" branch="True" condition-coverage="0% (0/2)">
                  <conditions>
                    <condition number="21" type="jump" coverage="0%" />
                  </conditions>
                </line>
                <line number="565" hits="0" branch="False" />
                <line number="566" hits="0" branch="False" />
                <line number="567" hits="0" branch="False" />
                <line number="568" hits="0" branch="False" />
                <line number="569" hits="0" branch="False" />
                <line number="570" hits="0" branch="False" />
                <line number="571" hits="0" branch="False" />
                <line number="572" hits="0" branch="False" />
              </lines>
            </method>
          </methods>
          <lines>
            <line number="563" hits="0" branch="False" />
            <line number="564" hits="0" branch="True" condition-coverage="0% (0/2)">
              <conditions>
                <condition number="21" type="jump" coverage="0%" />
              </conditions>
            </line>
            <line number="565" hits="0" branch="False" />
            <line number="566" hits="0" branch="False" />
            <line number="567" hits="0" branch="False" />
            <line number="568" hits="0" branch="False" />
            <line number="569" hits="0" branch="False" />
            <line number="570" hits="0" branch="False" />
            <line number="571" hits="0" branch="False" />
            <line number="572" hits="0" branch="False" />
          </lines>
        </class>
        <class name="Cmpnnt.Pia.Ctl.PiaCtl/&lt;MonitorRequestPortForward&gt;d__34" filename="Cmpnnt.Pia.Ctl\PiaCtl.cs" line-rate="1" branch-rate="0.5" complexity="2">
          <methods>
            <method name="MoveNext" signature="()" line-rate="1" branch-rate="0.5" complexity="2">
              <lines>
                <line number="581" hits="1" branch="False" />
                <line number="582" hits="1" branch="True" condition-coverage="50% (1/2)">
                  <conditions>
                    <condition number="21" type="jump" coverage="50%" />
                  </conditions>
                </line>
                <line number="583" hits="1" branch="False" />
                <line number="584" hits="1" branch="False" />
                <line number="585" hits="1" branch="False" />
                <line number="586" hits="1" branch="False" />
                <line number="587" hits="1" branch="False" />
                <line number="588" hits="1" branch="False" />
                <line number="589" hits="1" branch="False" />
                <line number="590" hits="1" branch="False" />
              </lines>
            </method>
          </methods>
          <lines>
            <line number="581" hits="1" branch="False" />
            <line number="582" hits="1" branch="True" condition-coverage="50% (1/2)">
              <conditions>
                <condition number="21" type="jump" coverage="50%" />
              </conditions>
            </line>
            <line number="583" hits="1" branch="False" />
            <line number="584" hits="1" branch="False" />
            <line number="585" hits="1" branch="False" />
            <line number="586" hits="1" branch="False" />
            <line number="587" hits="1" branch="False" />
            <line number="588" hits="1" branch="False" />
            <line number="589" hits="1" branch="False" />
            <line number="590" hits="1" branch="False" />
          </lines>
        </class>
        <class name="Cmpnnt.Pia.Ctl.PiaCtl/&lt;MonitorVpnIp&gt;d__35" filename="Cmpnnt.Pia.Ctl\PiaCtl.cs" line-rate="1" branch-rate="0.5" complexity="2">
          <methods>
            <method name="MoveNext" signature="()" line-rate="1" branch-rate="0.5" complexity="2">
              <lines>
                <line number="599" hits="1" branch="False" />
                <line number="600" hits="1" branch="True" condition-coverage="50% (1/2)">
                  <conditions>
                    <condition number="21" type="jump" coverage="50%" />
                  </conditions>
                </line>
                <line number="601" hits="1" branch="False" />
                <line number="602" hits="1" branch="False" />
                <line number="603" hits="1" branch="False" />
                <line number="604" hits="1" branch="False" />
                <line number="605" hits="1" branch="False" />
                <line number="606" hits="1" branch="False" />
                <line number="607" hits="1" branch="False" />
                <line number="608" hits="1" branch="False" />
              </lines>
            </method>
          </methods>
          <lines>
            <line number="599" hits="1" branch="False" />
            <line number="600" hits="1" branch="True" condition-coverage="50% (1/2)">
              <conditions>
                <condition number="21" type="jump" coverage="50%" />
              </conditions>
            </line>
            <line number="601" hits="1" branch="False" />
            <line number="602" hits="1" branch="False" />
            <line number="603" hits="1" branch="False" />
            <line number="604" hits="1" branch="False" />
            <line number="605" hits="1" branch="False" />
            <line number="606" hits="1" branch="False" />
            <line number="607" hits="1" branch="False" />
            <line number="608" hits="1" branch="False" />
          </lines>
        </class>
        <class name="Cmpnnt.Pia.Ctl.PiaCtl/&lt;RemoveDedicatedIp&gt;d__9" filename="Cmpnnt.Pia.Ctl\PiaCtl.cs" line-rate="1" branch-rate="0.5" complexity="2">
          <methods>
            <method name="MoveNext" signature="()" line-rate="1" branch-rate="0.5" complexity="2">
              <lines>
                <line number="141" hits="1" branch="False" />
                <line number="142" hits="1" branch="True" condition-coverage="50% (1/2)">
                  <conditions>
                    <condition number="24" type="jump" coverage="50%" />
                  </conditions>
                </line>
                <line number="143" hits="1" branch="False" />
                <line number="144" hits="1" branch="False" />
                <line number="145" hits="1" branch="False" />
                <line number="146" hits="1" branch="False" />
                <line number="147" hits="1" branch="False" />
                <line number="148" hits="1" branch="False" />
                <line number="149" hits="1" branch="False" />
                <line number="150" hits="1" branch="False" />
                <line number="151" hits="1" branch="False" />
              </lines>
            </method>
          </methods>
          <lines>
            <line number="141" hits="1" branch="False" />
            <line number="142" hits="1" branch="True" condition-coverage="50% (1/2)">
              <conditions>
                <condition number="24" type="jump" coverage="50%" />
              </conditions>
            </line>
            <line number="143" hits="1" branch="False" />
            <line number="144" hits="1" branch="False" />
            <line number="145" hits="1" branch="False" />
            <line number="146" hits="1" branch="False" />
            <line number="147" hits="1" branch="False" />
            <line number="148" hits="1" branch="False" />
            <line number="149" hits="1" branch="False" />
            <line number="150" hits="1" branch="False" />
            <line number="151" hits="1" branch="False" />
          </lines>
        </class>
        <class name="Cmpnnt.Pia.Ctl.PiaCtl/&lt;ResetSettings&gt;d__7" filename="Cmpnnt.Pia.Ctl\PiaCtl.cs" line-rate="1" branch-rate="0.5" complexity="2">
          <methods>
            <method name="MoveNext" signature="()" line-rate="1" branch-rate="0.5" complexity="2">
              <lines>
                <line number="103" hits="1" branch="False" />
                <line number="104" hits="1" branch="True" condition-coverage="50% (1/2)">
                  <conditions>
                    <condition number="21" type="jump" coverage="50%" />
                  </conditions>
                </line>
                <line number="105" hits="1" branch="False" />
                <line number="106" hits="1" branch="False" />
                <line number="107" hits="1" branch="False" />
                <line number="108" hits="1" branch="False" />
                <line number="109" hits="1" branch="False" />
                <line number="110" hits="1" branch="False" />
                <line number="111" hits="1" branch="False" />
              </lines>
            </method>
          </methods>
          <lines>
            <line number="103" hits="1" branch="False" />
            <line number="104" hits="1" branch="True" condition-coverage="50% (1/2)">
              <conditions>
                <condition number="21" type="jump" coverage="50%" />
              </conditions>
            </line>
            <line number="105" hits="1" branch="False" />
            <line number="106" hits="1" branch="False" />
            <line number="107" hits="1" branch="False" />
            <line number="108" hits="1" branch="False" />
            <line number="109" hits="1" branch="False" />
            <line number="110" hits="1" branch="False" />
            <line number="111" hits="1" branch="False" />
          </lines>
        </class>
        <class name="Cmpnnt.Pia.Ctl.PiaCtl/&lt;SetAllowLan&gt;d__12" filename="Cmpnnt.Pia.Ctl\PiaCtl.cs" line-rate="1" branch-rate="0.5" complexity="2">
          <methods>
            <method name="MoveNext" signature="()" line-rate="1" branch-rate="0.5" complexity="2">
              <lines>
                <line number="201" hits="1" branch="False" />
                <line number="202" hits="1" branch="True" condition-coverage="50% (1/2)">
                  <conditions>
                    <condition number="21" type="jump" coverage="50%" />
                  </conditions>
                </line>
                <line number="203" hits="1" branch="False" />
                <line number="204" hits="1" branch="False" />
                <line number="205" hits="1" branch="False" />
                <line number="206" hits="1" branch="False" />
                <line number="207" hits="1" branch="False" />
                <line number="208" hits="1" branch="False" />
                <line number="209" hits="1" branch="False" />
                <line number="210" hits="1" branch="False" />
              </lines>
            </method>
          </methods>
          <lines>
            <line number="201" hits="1" branch="False" />
            <line number="202" hits="1" branch="True" condition-coverage="50% (1/2)">
              <conditions>
                <condition number="21" type="jump" coverage="50%" />
              </conditions>
            </line>
            <line number="203" hits="1" branch="False" />
            <line number="204" hits="1" branch="False" />
            <line number="205" hits="1" branch="False" />
            <line number="206" hits="1" branch="False" />
            <line number="207" hits="1" branch="False" />
            <line number="208" hits="1" branch="False" />
            <line number="209" hits="1" branch="False" />
            <line number="210" hits="1" branch="False" />
          </lines>
        </class>
        <class name="Cmpnnt.Pia.Ctl.PiaCtl/&lt;SetDebugLogging&gt;d__13" filename="Cmpnnt.Pia.Ctl\PiaCtl.cs" line-rate="1" branch-rate="0.5" complexity="2">
          <methods>
            <method name="MoveNext" signature="()" line-rate="1" branch-rate="0.5" complexity="2">
              <lines>
                <line number="219" hits="1" branch="False" />
                <line number="220" hits="1" branch="True" condition-coverage="50% (1/2)">
                  <conditions>
                    <condition number="21" type="jump" coverage="50%" />
                  </conditions>
                </line>
                <line number="221" hits="1" branch="False" />
                <line number="222" hits="1" branch="False" />
                <line number="223" hits="1" branch="False" />
                <line number="224" hits="1" branch="False" />
                <line number="225" hits="1" branch="False" />
                <line number="226" hits="1" branch="False" />
                <line number="227" hits="1" branch="False" />
                <line number="228" hits="1" branch="False" />
              </lines>
            </method>
          </methods>
          <lines>
            <line number="219" hits="1" branch="False" />
            <line number="220" hits="1" branch="True" condition-coverage="50% (1/2)">
              <conditions>
                <condition number="21" type="jump" coverage="50%" />
              </conditions>
            </line>
            <line number="221" hits="1" branch="False" />
            <line number="222" hits="1" branch="False" />
            <line number="223" hits="1" branch="False" />
            <line number="224" hits="1" branch="False" />
            <line number="225" hits="1" branch="False" />
            <line number="226" hits="1" branch="False" />
            <line number="227" hits="1" branch="False" />
            <line number="228" hits="1" branch="False" />
          </lines>
        </class>
        <class name="Cmpnnt.Pia.Ctl.PiaCtl/&lt;SetProtocol&gt;d__14" filename="Cmpnnt.Pia.Ctl\PiaCtl.cs" line-rate="1" branch-rate="0.5" complexity="2">
          <methods>
            <method name="MoveNext" signature="()" line-rate="1" branch-rate="0.5" complexity="2">
              <lines>
                <line number="237" hits="1" branch="False" />
                <line number="238" hits="1" branch="True" condition-coverage="50% (1/2)">
                  <conditions>
                    <condition number="21" type="jump" coverage="50%" />
                  </conditions>
                </line>
                <line number="239" hits="1" branch="False" />
                <line number="240" hits="1" branch="False" />
                <line number="241" hits="1" branch="False" />
                <line number="242" hits="1" branch="False" />
                <line number="243" hits="1" branch="False" />
                <line number="244" hits="1" branch="False" />
                <line number="245" hits="1" branch="False" />
                <line number="246" hits="1" branch="False" />
              </lines>
            </method>
          </methods>
          <lines>
            <line number="237" hits="1" branch="False" />
            <line number="238" hits="1" branch="True" condition-coverage="50% (1/2)">
              <conditions>
                <condition number="21" type="jump" coverage="50%" />
              </conditions>
            </line>
            <line number="239" hits="1" branch="False" />
            <line number="240" hits="1" branch="False" />
            <line number="241" hits="1" branch="False" />
            <line number="242" hits="1" branch="False" />
            <line number="243" hits="1" branch="False" />
            <line number="244" hits="1" branch="False" />
            <line number="245" hits="1" branch="False" />
            <line number="246" hits="1" branch="False" />
          </lines>
        </class>
        <class name="Cmpnnt.Pia.Ctl.PiaCtl/&lt;SetRegion&gt;d__15" filename="Cmpnnt.Pia.Ctl\PiaCtl.cs" line-rate="1" branch-rate="0.5" complexity="2">
          <methods>
            <method name="MoveNext" signature="()" line-rate="1" branch-rate="0.5" complexity="2">
              <lines>
                <line number="255" hits="1" branch="False" />
                <line number="256" hits="1" branch="True" condition-coverage="50% (1/2)">
                  <conditions>
                    <condition number="21" type="jump" coverage="50%" />
                  </conditions>
                </line>
                <line number="257" hits="1" branch="False" />
                <line number="258" hits="1" branch="False" />
                <line number="259" hits="1" branch="False" />
                <line number="260" hits="1" branch="False" />
                <line number="261" hits="1" branch="False" />
                <line number="262" hits="1" branch="False" />
                <line number="263" hits="1" branch="False" />
                <line number="264" hits="1" branch="False" />
              </lines>
            </method>
          </methods>
          <lines>
            <line number="255" hits="1" branch="False" />
            <line number="256" hits="1" branch="True" condition-coverage="50% (1/2)">
              <conditions>
                <condition number="21" type="jump" coverage="50%" />
              </conditions>
            </line>
            <line number="257" hits="1" branch="False" />
            <line number="258" hits="1" branch="False" />
            <line number="259" hits="1" branch="False" />
            <line number="260" hits="1" branch="False" />
            <line number="261" hits="1" branch="False" />
            <line number="262" hits="1" branch="False" />
            <line number="263" hits="1" branch="False" />
            <line number="264" hits="1" branch="False" />
          </lines>
        </class>
        <class name="Cmpnnt.Pia.Ctl.PiaCtl/&lt;SetRequestPortForward&gt;d__16" filename="Cmpnnt.Pia.Ctl\PiaCtl.cs" line-rate="1" branch-rate="0.5" complexity="2">
          <methods>
            <method name="MoveNext" signature="()" line-rate="1" branch-rate="0.5" complexity="2">
              <lines>
                <line number="273" hits="1" branch="False" />
                <line number="274" hits="1" branch="True" condition-coverage="50% (1/2)">
                  <conditions>
                    <condition number="21" type="jump" coverage="50%" />
                  </conditions>
                </line>
                <line number="275" hits="1" branch="False" />
                <line number="276" hits="1" branch="False" />
                <line number="277" hits="1" branch="False" />
                <line number="278" hits="1" branch="False" />
                <line number="279" hits="1" branch="False" />
                <line number="280" hits="1" branch="False" />
                <line number="281" hits="1" branch="False" />
                <line number="282" hits="1" branch="False" />
              </lines>
            </method>
          </methods>
          <lines>
            <line number="273" hits="1" branch="False" />
            <line number="274" hits="1" branch="True" condition-coverage="50% (1/2)">
              <conditions>
                <condition number="21" type="jump" coverage="50%" />
              </conditions>
            </line>
            <line number="275" hits="1" branch="False" />
            <line number="276" hits="1" branch="False" />
            <line number="277" hits="1" branch="False" />
            <line number="278" hits="1" branch="False" />
            <line number="279" hits="1" branch="False" />
            <line number="280" hits="1" branch="False" />
            <line number="281" hits="1" branch="False" />
            <line number="282" hits="1" branch="False" />
          </lines>
        </class>
        <class name="Cmpnnt.Pia.Ctl.PiaCtlOptions" filename="Cmpnnt.Pia.Ctl\PiaCtlOptions.cs" line-rate="1" branch-rate="1" complexity="1">
          <methods>
            <method name="get_PiaPath" signature="()" line-rate="1" branch-rate="1" complexity="1">
              <lines>
                <line number="7" hits="107" branch="False" />
              </lines>
            </method>
          </methods>
          <lines>
            <line number="7" hits="107" branch="False" />
          </lines>
        </class>
        <class name="Cmpnnt.Pia.Ctl.Lib.CommandLineWrapper/&lt;&gt;c__DisplayClass0_0" filename="Cmpnnt.Pia.Ctl\Lib\CommandLineWrapper.cs" line-rate="1" branch-rate="0.75" complexity="8">
          <methods>
            <method name="&lt;Execute&gt;b__0" signature="(System.Object,System.Diagnostics.DataReceivedEventArgs)" line-rate="1" branch-rate="0.75" complexity="4">
              <lines>
                <line number="39" hits="38" branch="False" />
                <line number="40" hits="38" branch="True" condition-coverage="100% (2/2)">
                  <conditions>
                    <condition number="17" type="jump" coverage="100%" />
                  </conditions>
                </line>
                <line number="41" hits="2" branch="False" />
                <line number="42" hits="2" branch="True" condition-coverage="50% (1/2)">
                  <conditions>
                    <condition number="32" type="jump" coverage="50%" />
                  </conditions>
                </line>
                <line number="43" hits="2" branch="False" />
                <line number="44" hits="76" branch="False" />
              </lines>
            </method>
            <method name="&lt;Execute&gt;b__1" signature="(System.Object,System.Diagnostics.DataReceivedEventArgs)" line-rate="1" branch-rate="0.75" complexity="4">
              <lines>
                <line number="47" hits="268" branch="False" />
                <line number="48" hits="268" branch="True" condition-coverage="100% (2/2)">
                  <conditions>
                    <condition number="17" type="jump" coverage="100%" />
                  </conditions>
                </line>
                <line number="49" hits="232" branch="False" />
                <line number="50" hits="232" branch="True" condition-coverage="50% (1/2)">
                  <conditions>
                    <condition number="32" type="jump" coverage="50%" />
                  </conditions>
                </line>
                <line number="51" hits="232" branch="False" />
                <line number="52" hits="232" branch="False" />
                <line number="53" hits="306" branch="False" />
              </lines>
            </method>
          </methods>
          <lines>
            <line number="39" hits="38" branch="False" />
            <line number="40" hits="38" branch="True" condition-coverage="100% (2/2)">
              <conditions>
                <condition number="17" type="jump" coverage="100%" />
              </conditions>
            </line>
            <line number="41" hits="2" branch="False" />
            <line number="42" hits="2" branch="True" condition-coverage="50% (1/2)">
              <conditions>
                <condition number="32" type="jump" coverage="50%" />
              </conditions>
            </line>
            <line number="43" hits="2" branch="False" />
            <line number="44" hits="76" branch="False" />
            <line number="47" hits="268" branch="False" />
            <line number="48" hits="268" branch="True" condition-coverage="100% (2/2)">
              <conditions>
                <condition number="17" type="jump" coverage="100%" />
              </conditions>
            </line>
            <line number="49" hits="232" branch="False" />
            <line number="50" hits="232" branch="True" condition-coverage="50% (1/2)">
              <conditions>
                <condition number="32" type="jump" coverage="50%" />
              </conditions>
            </line>
            <line number="51" hits="232" branch="False" />
            <line number="52" hits="232" branch="False" />
            <line number="53" hits="306" branch="False" />
          </lines>
        </class>
        <class name="Cmpnnt.Pia.Ctl.Lib.CommandLineWrapper/&lt;Execute&gt;d__0" filename="Cmpnnt.Pia.Ctl\Lib\CommandLineWrapper.cs" line-rate="0.8856999999999999" branch-rate="0.5" complexity="2">
          <methods>
            <method name="MoveNext" signature="()" line-rate="0.8856999999999999" branch-rate="0.5" complexity="2">
              <lines>
                <line number="21" hits="38" branch="False" />
                <line number="22" hits="38" branch="False" />
                <line number="23" hits="38" branch="False" />
                <line number="24" hits="38" branch="False" />
                <line number="25" hits="38" branch="False" />
                <line number="26" hits="38" branch="False" />
                <line number="27" hits="38" branch="False" />
                <line number="28" hits="38" branch="False" />
                <line number="29" hits="38" branch="False" />
                <line number="30" hits="38" branch="False" />
                <line number="31" hits="38" branch="False" />
                <line number="32" hits="38" branch="False" />
                <line number="33" hits="38" branch="False" />
                <line number="36" hits="38" branch="False" />
                <line number="38" hits="38" branch="False" />
                <line number="46" hits="38" branch="False" />
                <line number="55" hits="38" branch="False" />
                <line number="59" hits="38" branch="False" />
                <line number="60" hits="38" branch="False" />
                <line number="63" hits="38" branch="False" />
                <line number="64" hits="38" branch="False" />
                <line number="65" hits="36" branch="False" />
                <line number="66" hits="2" branch="False" />
                <line number="67" hits="2" branch="False" />
                <line number="70" hits="2" branch="True" condition-coverage="50% (1/2)">
                  <conditions>
                    <condition number="404" type="jump" coverage="50%" />
                  </conditions>
                </line>
                <line number="71" hits="2" branch="False" />
                <line number="72" hits="0" branch="False" />
                <line number="73" hits="0" branch="False" />
                <line number="74" hits="0" branch="False" />
                <line number="75" hits="0" branch="False" />
                <line number="77" hits="38" branch="False" />
                <line number="78" hits="38" branch="False" />
                <line number="79" hits="38" branch="False" />
                <line number="81" hits="38" branch="False" />
                <line number="82" hits="38" branch="False" />
              </lines>
            </method>
          </methods>
          <lines>
            <line number="21" hits="38" branch="False" />
            <line number="22" hits="38" branch="False" />
            <line number="23" hits="38" branch="False" />
            <line number="24" hits="38" branch="False" />
            <line number="25" hits="38" branch="False" />
            <line number="26" hits="38" branch="False" />
            <line number="27" hits="38" branch="False" />
            <line number="28" hits="38" branch="False" />
            <line number="29" hits="38" branch="False" />
            <line number="30" hits="38" branch="False" />
            <line number="31" hits="38" branch="False" />
            <line number="32" hits="38" branch="False" />
            <line number="33" hits="38" branch="False" />
            <line number="36" hits="38" branch="False" />
            <line number="38" hits="38" branch="False" />
            <line number="46" hits="38" branch="False" />
            <line number="55" hits="38" branch="False" />
            <line number="59" hits="38" branch="False" />
            <line number="60" hits="38" branch="False" />
            <line number="63" hits="38" branch="False" />
            <line number="64" hits="38" branch="False" />
            <line number="65" hits="36" branch="False" />
            <line number="66" hits="2" branch="False" />
            <line number="67" hits="2" branch="False" />
            <line number="70" hits="2" branch="True" condition-coverage="50% (1/2)">
              <conditions>
                <condition number="404" type="jump" coverage="50%" />
              </conditions>
            </line>
            <line number="71" hits="2" branch="False" />
            <line number="72" hits="0" branch="False" />
            <line number="73" hits="0" branch="False" />
            <line number="74" hits="0" branch="False" />
            <line number="75" hits="0" branch="False" />
            <line number="77" hits="38" branch="False" />
            <line number="78" hits="38" branch="False" />
            <line number="79" hits="38" branch="False" />
            <line number="81" hits="38" branch="False" />
            <line number="82" hits="38" branch="False" />
          </lines>
        </class>
        <class name="Cmpnnt.Pia.Ctl.Lib.CommandLineWrapper/&lt;ExecuteTimed&gt;d__1" filename="Cmpnnt.Pia.Ctl\Lib\CommandLineWrapper.cs" line-rate="1" branch-rate="1" complexity="1">
          <methods>
            <method name="MoveNext" signature="()" line-rate="1" branch-rate="1" complexity="1">
              <lines>
                <line number="93" hits="11" branch="False" />
                <line number="94" hits="11" branch="False" />
                <line number="95" hits="11" branch="False" />
                <line number="96" hits="11" branch="False" />
                <line number="98" hits="11" branch="False" />
                <line number="99" hits="11" branch="False" />
                <line number="100" hits="11" branch="False" />
              </lines>
            </method>
          </methods>
          <lines>
            <line number="93" hits="11" branch="False" />
            <line number="94" hits="11" branch="False" />
            <line number="95" hits="11" branch="False" />
            <line number="96" hits="11" branch="False" />
            <line number="98" hits="11" branch="False" />
            <line number="99" hits="11" branch="False" />
            <line number="100" hits="11" branch="False" />
          </lines>
        </class>
        <class name="Cmpnnt.Pia.Ctl.Lib.CommandRunner" filename="Cmpnnt.Pia.Ctl\Lib\CommandRunner.cs" line-rate="1" branch-rate="1" complexity="30">
          <methods>
            <method name="Run" signature="(Cmpnnt.Pia.Ctl.Lib.CommandRunner/ExecuteDelegate,Cmpnnt.Pia.Ctl.Enums.Command,Cmpnnt.Pia.Ctl.Enums.DaemonAction,System.String,System.Boolean)" line-rate="1" branch-rate="1" complexity="6">
              <lines>
                <line number="27" hits="15" branch="False" />
                <line number="28" hits="15" branch="True" condition-coverage="100% (2/2)">
                  <conditions>
                    <condition number="2" type="jump" coverage="100%" />
                  </conditions>
                </line>
                <line number="29" hits="15" branch="False" />
                <line number="31" hits="15" branch="False" />
                <line number="33" hits="15" branch="True" condition-coverage="100% (2/2)">
                  <conditions>
                    <condition number="46" type="jump" coverage="100%" />
                  </conditions>
                </line>
                <line number="34" hits="11" branch="False" />
                <line number="35" hits="11" branch="False" />
                <line number="36" hits="11" branch="False" />
                <line number="38" hits="15" branch="True" condition-coverage="100% (2/2)">
                  <conditions>
                    <condition number="77" type="jump" coverage="100%" />
                  </conditions>
                </line>
                <line number="39" hits="1" branch="False" />
                <line number="40" hits="1" branch="False" />
                <line number="41" hits="1" branch="False" />
                <line number="44" hits="15" branch="False" />
                <line number="45" hits="15" branch="False" />
              </lines>
            </method>
            <method name="Run" signature="(Cmpnnt.Pia.Ctl.Lib.CommandRunner/ExecuteDelegate,Cmpnnt.Pia.Ctl.Enums.Command,Cmpnnt.Pia.Ctl.Enums.DaemonAction,System.String,System.String,System.Boolean)" line-rate="1" branch-rate="1" complexity="6">
              <lines>
                <line number="58" hits="6" branch="False" />
                <line number="59" hits="6" branch="True" condition-coverage="100% (2/2)">
                  <conditions>
                    <condition number="3" type="jump" coverage="100%" />
                  </conditions>
                </line>
                <line number="60" hits="6" branch="False" />
                <line number="62" hits="6" branch="False" />
                <line number="64" hits="6" branch="True" condition-coverage="100% (2/2)">
                  <conditions>
                    <condition number="47" type="jump" coverage="100%" />
                  </conditions>
                </line>
                <line number="65" hits="3" branch="False" />
                <line number="66" hits="3" branch="False" />
                <line number="67" hits="3" branch="False" />
                <line number="69" hits="6" branch="False" />
                <line number="71" hits="6" branch="True" condition-coverage="100% (2/2)">
                  <conditions>
                    <condition number="96" type="jump" coverage="100%" />
                  </conditions>
                </line>
                <line number="72" hits="1" branch="False" />
                <line number="73" hits="1" branch="False" />
                <line number="74" hits="1" branch="False" />
                <line number="76" hits="6" branch="False" />
                <line number="77" hits="6" branch="False" />
              </lines>
            </method>
[...]
            <line number="60" hits="0" branch="True" condition-coverage="0% (0/4)">
              <conditions>
                <condition number="64" type="jump" coverage="0%" />
                <condition number="82" type="jump" coverage="0%" />
              </conditions>
            </line>
            <line number="61" hits="0" branch="False" />
            <line number="62" hits="0" branch="False" />
            <line number="64" hits="0" branch="False" />
            <line number="66" hits="0" branch="False" />
            <line number="68" hits="0" branch="False" />
            <line number="70" hits="0" branch="False" />
            <line number="71" hits="0" branch="False" />
            <line number="74" hits="1" branch="False" />
            <line number="75" hits="1" branch="False" />
            <line number="76" hits="1" branch="False" />
            <line number="79" hits="1" branch="False" />
            <line number="80" hits="1" branch="False" />
            <line number="81" hits="1" branch="True" condition-coverage="50% (2/4)">
              <conditions>
                <condition number="11" type="jump" coverage="50%" />
                <condition number="27" type="jump" coverage="50%" />
              </conditions>
            </line>
            <line number="82" hits="0" branch="False" />
            <line number="83" hits="0" branch="False" />
            <line number="86" hits="1" branch="False" />
            <line number="87" hits="1" branch="False" />
            <line number="38" hits="0" branch="False" />
            <line number="39" hits="0" branch="False" />
            <line number="40" hits="0" branch="False" />
            <line number="43" hits="1" branch="False" />
            <line number="44" hits="1" branch="False" />
            <line number="45" hits="1" branch="False" />
            <line number="17" hits="1" branch="False" />
            <line number="18" hits="1" branch="False" />
            <line number="19" hits="1" branch="False" />
            <line number="20" hits="1" branch="False" />
            <line number="21" hits="1" branch="False" />
            <line number="22" hits="1" branch="False" />
            <line number="23" hits="1" branch="False" />
          </lines>
        </class>
        <class name="Cmpnnt.Pia.Ctl.Lib.Results.PiaResultSourceGenerationContext" filename="Cmpnnt.Pia.Ctl\System.Text.Json.SourceGeneration\System.Text.Json.SourceGeneration.JsonSourceGenerator\PiaResultSourceGenerationContext.GetJsonTypeInfo.g.cs" line-rate="0.3055" branch-rate="0.3" complexity="20">
          <methods>
            <method name="GetTypeInfo" signature="(System.Type)" line-rate="0" branch-rate="0" complexity="10">
              <lines>
                <line number="15" hits="0" branch="False" />
                <line number="16" hits="0" branch="True" condition-coverage="0% (0/2)">
                  <conditions>
                    <condition number="19" type="jump" coverage="0%" />
                  </conditions>
                </line>
                <line number="17" hits="0" branch="False" />
                <line number="18" hits="0" branch="False" />
                <line number="21" hits="0" branch="True" condition-coverage="0% (0/2)">
                  <conditions>
                    <condition number="52" type="jump" coverage="0%" />
                  </conditions>
                </line>
                <line number="22" hits="0" branch="False" />
                <line number="23" hits="0" branch="False" />
                <line number="26" hits="0" branch="True" condition-coverage="0% (0/2)">
                  <conditions>
                    <condition number="82" type="jump" coverage="0%" />
                  </conditions>
                </line>
                <line number="27" hits="0" branch="False" />
                <line number="28" hits="0" branch="False" />
                <line number="31" hits="0" branch="True" condition-coverage="0% (0/2)">
                  <conditions>
                    <condition number="114" type="jump" coverage="0%" />
                  </conditions>
                </line>
                <line number="32" hits="0" branch="False" />
                <line number="33" hits="0" branch="False" />
                <line number="36" hits="0" branch="True" condition-coverage="0% (0/2)">
                  <conditions>
                    <condition number="146" type="jump" coverage="0%" />
                  </conditions>
                </line>
                <line number="37" hits="0" branch="False" />
                <line number="38" hits="0" branch="False" />
                <line number="41" hits="0" branch="False" />
                <line number="42" hits="0" branch="False" />
              </lines>
            </method>
            <method name="System.Text.Json.Serialization.Metadata.IJsonTypeInfoResolver.GetTypeInfo" signature="(System.Type,System.Text.Json.JsonSerializerOptions)" line-rate="0.6111" branch-rate="0.6" complexity="10">
              <lines>
                <line number="45" hits="2" branch="False" />
                <line number="46" hits="2" branch="True" condition-coverage="50% (1/2)">
                  <conditions>
                    <condition number="19" type="jump" coverage="50%" />
                  </conditions>
                </line>
                <line number="47" hits="0" branch="False" />
                <line number="48" hits="0" branch="False" />
                <line number="51" hits="2" branch="True" condition-coverage="50% (1/2)">
                  <conditions>
                    <condition number="54" type="jump" coverage="50%" />
                  </conditions>
                </line>
                <line number="52" hits="0" branch="False" />
                <line number="53" hits="0" branch="False" />
                <line number="56" hits="2" branch="True" condition-coverage="100% (2/2)">
                  <conditions>
                    <condition number="86" type="jump" coverage="100%" />
                  </conditions>
                </line>
                <line number="57" hits="1" branch="False" />
                <line number="58" hits="1" branch="False" />
                <line number="61" hits="1" branch="True" condition-coverage="50% (1/2)">
                  <conditions>
                    <condition number="120" type="jump" coverage="50%" />
                  </conditions>
                </line>
                <line number="62" hits="0" branch="False" />
                <line number="63" hits="0" branch="False" />
                <line number="66" hits="1" branch="True" condition-coverage="50% (1/2)">
                  <conditions>
                    <condition number="154" type="jump" coverage="50%" />
                  </conditions>
                </line>
                <line number="67" hits="1" branch="False" />
                <line number="68" hits="1" branch="False" />
                <line number="71" hits="0" branch="False" />
                <line number="72" hits="2" branch="False" />
              </lines>
            </method>
          </methods>
          <lines>
            <line number="15" hits="0" branch="False" />
            <line number="16" hits="0" branch="True" condition-coverage="0% (0/2)">
              <conditions>
                <condition number="19" type="jump" coverage="0%" />
              </conditions>
            </line>
            <line number="17" hits="0" branch="False" />
            <line number="18" hits="0" branch="False" />
            <line number="21" hits="0" branch="True" condition-coverage="0% (0/2)">
              <conditions>
                <condition number="52" type="jump" coverage="0%" />
              </conditions>
            </line>
            <line number="22" hits="0" branch="False" />
            <line number="23" hits="0" branch="False" />
            <line number="26" hits="0" branch="True" condition-coverage="0% (0/2)">
              <conditions>
                <condition number="82" type="jump" coverage="0%" />
              </conditions>
            </line>
            <line number="27" hits="0" branch="False" />
            <line number="28" hits="0" branch="False" />
            <line number="31" hits="0" branch="True" condition-coverage="0% (0/2)">
              <conditions>
                <condition number="114" type="jump" coverage="0%" />
              </conditions>
            </line>
            <line number="32" hits="0" branch="False" />
            <line number="33" hits="0" branch="False" />
            <line number="36" hits="0" branch="True" condition-coverage="0% (0/2)">
              <conditions>
                <condition number="146" type="jump" coverage="0%" />
              </conditions>
            </line>
            <line number="37" hits="0" branch="False" />
            <line number="38" hits="0" branch="False" />
            <line number="41" hits="0" branch="False" />
            <line number="42" hits="0" branch="False" />
            <line number="45" hits="2" branch="False" />
            <line number="46" hits="2" branch="True" condition-coverage="50% (1/2)">
              <conditions>
                <condition number="19" type="jump" coverage="50%" />
              </conditions>
            </line>
            <line number="47" hits="0" branch="False" />
            <line number="48" hits="0" branch="False" />
            <line number="51" hits="2" branch="True" condition-coverage="50% (1/2)">
              <conditions>
                <condition number="54" type="jump" coverage="50%" />
              </conditions>
            </line>
            <line number="52" hits="0" branch="False" />
            <line number="53" hits="0" branch="False" />
            <line number="56" hits="2" branch="True" condition-coverage="100% (2/2)">
              <conditions>
                <condition number="86" type="jump" coverage="100%" />
              </conditions>
            </line>
            <line number="57" hits="1" branch="False" />
            <line number="58" hits="1" branch="False" />
            <line number="61" hits="1" branch="True" condition-coverage="50% (1/2)">
              <conditions>
                <condition number="120" type="jump" coverage="50%" />
              </conditions>
            </line>
            <line number="62" hits="0" branch="False" />
            <line number="63" hits="0" branch="False" />
            <line number="66" hits="1" branch="True" condition-coverage="50% (1/2)">
              <conditions>
                <condition number="154" type="jump" coverage="50%" />
              </conditions>
            </line>
            <line number="67" hits="1" branch="False" />
            <line number="68" hits="1" branch="False" />
            <line number="71" hits="0" branch="False" />
            <line number="72" hits="2" branch="False" />
          </lines>
        </class>
        <class name="Cmpnnt.Pia.Ctl.Extensions.CommandExtensions" filename="Cmpnnt.Pia.Ctl\Extensions\CommandExtensions.cs" line-rate="0.9285" branch-rate="0.909" complexity="11">
          <methods>
            <method name="ToStringF" signature="(Cmpnnt.Pia.Ctl.Enums.Command)" line-rate="0.9285" branch-rate="0.909" complexity="11">
              <lines>
                <line number="14" hits="48" branch="True" condition-coverage="90.9% (10/11)">
                  <conditions>
                    <condition number="7" type="switch" coverage="90.9%" />
                  </conditions>
                </line>
                <line number="15" hits="48" branch="False" />
                <line number="16" hits="8" branch="False" />
                <line number="17" hits="2" branch="False" />
                <line number="18" hits="3" branch="False" />
                <line number="19" hits="2" branch="False" />
                <line number="20" hits="11" branch="False" />
                <line number="21" hits="2" branch="False" />
                <line number="22" hits="2" branch="False" />
                <line number="23" hits="10" branch="False" />
                <line number="24" hits="2" branch="False" />
                <line number="25" hits="6" branch="False" />
                <line number="26" hits="0" branch="False" />
                <line number="27" hits="48" branch="False" />
              </lines>
            </method>
          </methods>
          <lines>
            <line number="14" hits="48" branch="True" condition-coverage="90.9% (10/11)">
              <conditions>
                <condition number="7" type="switch" coverage="90.9%" />
              </conditions>
            </line>
            <line number="15" hits="48" branch="False" />
            <line number="16" hits="8" branch="False" />
            <line number="17" hits="2" branch="False" />
            <line number="18" hits="3" branch="False" />
            <line number="19" hits="2" branch="False" />
            <line number="20" hits="11" branch="False" />
            <line number="21" hits="2" branch="False" />
            <line number="22" hits="2" branch="False" />
            <line number="23" hits="10" branch="False" />
            <line number="24" hits="2" branch="False" />
            <line number="25" hits="6" branch="False" />
            <line number="26" hits="0" branch="False" />
            <line number="27" hits="48" branch="False" />
          </lines>
        </class>
        <class name="Cmpnnt.Pia.Ctl.Extensions.DaemonActionExtensions" filename="Cmpnnt.Pia.Ctl\Extensions\DaemonActionExtensions.cs" line-rate="0.9285" branch-rate="0.909" complexity="11">
          <methods>
            <method name="ToStringF" signature="(Cmpnnt.Pia.Ctl.Enums.DaemonAction)" line-rate="0.9285" branch-rate="0.909" complexity="11">
              <lines>
                <line number="14" hits="39" branch="True" condition-coverage="90.9% (10/11)">
                  <conditions>
                    <condition number="7" type="switch" coverage="90.9%" />
                  </conditions>
                </line>
                <line number="15" hits="39" branch="False" />
                <line number="16" hits="4" branch="False" />
                <line number="17" hits="3" branch="False" />
                <line number="18" hits="4" branch="False" />
                <line number="19" hits="3" branch="False" />
                <line number="20" hits="9" branch="False" />
                <line number="21" hits="4" branch="False" />
                <line number="22" hits="3" branch="False" />
                <line number="23" hits="2" branch="False" />
                <line number="24" hits="4" branch="False" />
                <line number="25" hits="3" branch="False" />
                <line number="26" hits="0" branch="False" />
                <line number="27" hits="39" branch="False" />
              </lines>
            </method>
          </methods>
          <lines>
            <line number="14" hits="39" branch="True" condition-coverage="90.9% (10/11)">
              <conditions>
                <condition number="7" type="switch" coverage="90.9%" />
              </conditions>
            </line>
            <line number="15" hits="39" branch="False" />
            <line number="16" hits="4" branch="False" />
            <line number="17" hits="3" branch="False" />
            <line number="18" hits="4" branch="False" />
            <line number="19" hits="3" branch="False" />
            <line number="20" hits="9" branch="False" />
            <line number="21" hits="4" branch="False" />
            <line number="22" hits="3" branch="False" />
            <line number="23" hits="2" branch="False" />
            <line number="24" hits="4" branch="False" />
            <line number="25" hits="3" branch="False" />
            <line number="26" hits="0" branch="False" />
            <line number="27" hits="39" branch="False" />
          </lines>
        </class>
        <class name="Cmpnnt.Pia.Ctl.Extensions.StatusExtensions" filename="Cmpnnt.Pia.Ctl\Extensions\StatusExtensions.cs" line-rate="0.8887999999999999" branch-rate="0.8332999999999999" complexity="6">
          <methods>
            <method name="ToStringF" signature="(Cmpnnt.Pia.Ctl.Enums.Status)" line-rate="0.8887999999999999" branch-rate="0.8332999999999999" complexity="6">
              <lines>
                <line number="14" hits="5" branch="True" condition-coverage="83.33% (5/6)">
                  <conditions>
                    <condition number="5" type="switch" coverage="83.33%" />
                  </conditions>
                </line>
                <line number="15" hits="5" branch="False" />
                <line number="16" hits="1" branch="False" />
                <line number="17" hits="1" branch="False" />
                <line number="18" hits="1" branch="False" />
                <line number="19" hits="1" branch="False" />
                <line number="20" hits="1" branch="False" />
                <line number="21" hits="0" branch="False" />
                <line number="22" hits="5" branch="False" />
              </lines>
            </method>
          </methods>
          <lines>
            <line number="14" hits="5" branch="True" condition-coverage="83.33% (5/6)">
              <conditions>
                <condition number="5" type="switch" coverage="83.33%" />
              </conditions>
            </line>
            <line number="15" hits="5" branch="False" />
            <line number="16" hits="1" branch="False" />
            <line number="17" hits="1" branch="False" />
            <line number="18" hits="1" branch="False" />
            <line number="19" hits="1" branch="False" />
            <line number="20" hits="1" branch="False" />
            <line number="21" hits="0" branch="False" />
            <line number="22" hits="5" branch="False" />
          </lines>
        </class>
      </classes>
    </package>
    <package name="Cmpnnt.Pia.DependencyInjection" line-rate="1" branch-rate="1" complexity="2">
      <classes>
        <class name="Cmpnnt.Pia.DependencyInjection.Extensions.ServiceCollectionExtensions" filename="Cmpnnt.Pia.DependencyInjection\Extensions\ServiceCollectionExtensions.cs" line-rate="1" branch-rate="1" complexity="2">
          <methods>
            <method name="AddPiaCtl" signature="(Microsoft.Extensions.DependencyInjection.IServiceCollection,System.Action`1&lt;Cmpnnt.Pia.Ctl.PiaCtlOptions&gt;)" line-rate="1" branch-rate="1" complexity="2">
              <lines>
                <line number="12" hits="2" branch="False" />
                <line number="14" hits="4" branch="True" condition-coverage="100% (2/2)">
                  <conditions>
                    <condition number="2" type="jump" coverage="100%" />
                  </conditions>
                </line>
                <line number="15" hits="2" branch="False" />
                <line number="16" hits="4" branch="False" />
                <line number="17" hits="2" branch="False" />
                <line number="18" hits="2" branch="False" />
                <line number="19" hits="2" branch="False" />
              </lines>
            </method>
          </methods>
          <lines>
            <line number="12" hits="2" branch="False" />
            <line number="14" hits="4" branch="True" condition-coverage="100% (2/2)">
              <conditions>
                <condition number="2" type="jump" coverage="100%" />
              </conditions>
            </line>
            <line number="15" hits="2" branch="False" />
            <line number="16" hits="4" branch="False" />
            <line number="17" hits="2" branch="False" />
            <line number="18" hits="2" branch="False" />
            <line number="19" hits="2" branch="False" />
          </lines>
        </class>
      </classes>
    </package>
  </packages>
</coverage>